0 info it worked if it ends with ok
1 verbose cli [ '/usr/local/bin/node',
1 verbose cli   '/usr/local/bin/npm',
1 verbose cli   'uninstall',
1 verbose cli   'bower' ]
2 info using npm@3.10.3
3 info using node@v4.4.0
4 silly loadCurrentTree Starting
5 silly install loadCurrentTree
6 silly install readLocalPackageData
7 silly install normalizeTree
8 silly loadCurrentTree Finishing
9 silly loadIdealTree Starting
10 silly install loadIdealTree
11 silly cloneCurrentTree Starting
12 silly install cloneCurrentTreeToIdealTree
13 silly cloneCurrentTree Finishing
14 silly loadShrinkwrap Starting
15 silly install loadShrinkwrap
16 silly loadShrinkwrap Finishing
17 silly loadAllDepsIntoIdealTree Starting
18 silly uninstall loadAllDepsIntoIdealtree
19 silly loadAllDepsIntoIdealTree Finishing
20 silly loadIdealTree Finishing
21 silly currentTree angular_es5_webpack@1.0.0
21 silly currentTree ├── @angular/router@3.0.2
21 silly currentTree ├── abbrev@1.0.9
21 silly currentTree ├── accepts@1.3.3
21 silly currentTree ├── acorn@3.3.0
21 silly currentTree ├── after@0.8.1
21 silly currentTree ├── align-text@0.1.4
21 silly currentTree ├── alphanum-sort@1.0.2
21 silly currentTree ├── amdefine@1.0.0
21 silly currentTree ├── angular-mocks@1.5.8
21 silly currentTree ├── angular-ui-router@0.3.1
21 silly currentTree ├── angular@1.5.8
21 silly currentTree ├── ansi-regex@2.0.0
21 silly currentTree ├── ansi-styles@2.2.1
21 silly currentTree ├── anymatch@1.3.0
21 silly currentTree ├── argparse@1.0.9
21 silly currentTree ├── arr-diff@2.0.0
21 silly currentTree ├── arr-flatten@1.0.1
21 silly currentTree ├── array-find-index@1.0.2
21 silly currentTree ├── array-flatten@1.1.1
21 silly currentTree ├── array-slice@0.2.3
21 silly currentTree ├── array-unique@0.2.1
21 silly currentTree ├── arraybuffer.slice@0.0.6
21 silly currentTree ├── arrify@1.0.1
21 silly currentTree ├── asn1@0.2.3
21 silly currentTree ├── assert-plus@0.2.0
21 silly currentTree ├── assert@1.4.1
21 silly currentTree ├── async-each@1.0.1
21 silly currentTree ├── async@1.5.2
21 silly currentTree ├── autoprefixer@6.5.0
21 silly currentTree ├── aws-sign2@0.6.0
21 silly currentTree ├── aws4@1.5.0
21 silly currentTree ├── backo2@1.0.2
21 silly currentTree ├── balanced-match@0.4.2
21 silly currentTree ├── base64-arraybuffer@0.1.5
21 silly currentTree ├── base64-js@1.2.0
21 silly currentTree ├── Base64@0.2.1
21 silly currentTree ├── base64id@0.1.0
21 silly currentTree ├── batch@0.5.3
21 silly currentTree ├── bcrypt-pbkdf@1.0.0
21 silly currentTree ├── benchmark@1.0.0
21 silly currentTree ├── better-assert@1.0.2
21 silly currentTree ├── big.js@3.1.3
21 silly currentTree ├── binary-extensions@1.7.0
21 silly currentTree ├─┬ bl@1.1.2
21 silly currentTree │ └── readable-stream@2.0.6
21 silly currentTree ├── blob@0.0.4
21 silly currentTree ├── bluebird@2.11.0
21 silly currentTree ├── body-parser@1.15.2
21 silly currentTree ├── boom@2.10.1
21 silly currentTree ├── brace-expansion@1.1.6
21 silly currentTree ├── braces@1.8.5
21 silly currentTree ├── browserify-zlib@0.1.4
21 silly currentTree ├── browserslist@1.4.0
21 silly currentTree ├── buffer-shims@1.0.0
21 silly currentTree ├── buffer@4.9.1
21 silly currentTree ├── builtin-modules@1.1.1
21 silly currentTree ├── bytes@2.4.0
21 silly currentTree ├── callsite@1.0.0
21 silly currentTree ├─┬ camelcase-keys@2.1.0
21 silly currentTree │ └── camelcase@2.1.1
21 silly currentTree ├── camelcase@1.2.1
21 silly currentTree ├── caniuse-db@1.0.30000554
21 silly currentTree ├── caseless@0.11.0
21 silly currentTree ├── center-align@0.1.3
21 silly currentTree ├─┬ chalk@1.1.3
21 silly currentTree │ └── supports-color@2.0.0
21 silly currentTree ├── chokidar@1.6.0
21 silly currentTree ├── clap@1.1.1
21 silly currentTree ├─┬ cliui@2.1.0
21 silly currentTree │ └── wordwrap@0.0.2
21 silly currentTree ├── clone@1.0.2
21 silly currentTree ├── coa@1.0.1
21 silly currentTree ├── color-convert@1.5.0
21 silly currentTree ├── color-name@1.1.1
21 silly currentTree ├── color-string@0.3.0
21 silly currentTree ├── color@0.11.3
21 silly currentTree ├── colormin@1.1.2
21 silly currentTree ├── colors@1.1.2
21 silly currentTree ├── combined-stream@1.0.5
21 silly currentTree ├── commander@2.9.0
21 silly currentTree ├── component-bind@1.0.0
21 silly currentTree ├── component-emitter@1.1.2
21 silly currentTree ├── component-inherit@0.0.3
21 silly currentTree ├── compressible@2.0.8
21 silly currentTree ├─┬ compression@1.6.2
21 silly currentTree │ └── bytes@2.3.0
21 silly currentTree ├── concat-map@0.0.1
21 silly currentTree ├─┬ concat-stream@1.5.0
21 silly currentTree │ └── readable-stream@2.0.6
21 silly currentTree ├── connect-history-api-fallback@1.3.0
21 silly currentTree ├── connect@3.5.0
21 silly currentTree ├── console-browserify@1.1.0
21 silly currentTree ├── constants-browserify@0.0.1
21 silly currentTree ├── content-disposition@0.5.1
21 silly currentTree ├── content-type@1.0.2
21 silly currentTree ├── cookie-signature@1.0.6
21 silly currentTree ├── cookie@0.3.1
21 silly currentTree ├── core-js@2.4.1
21 silly currentTree ├── core-util-is@1.0.2
21 silly currentTree ├── cryptiles@2.0.5
21 silly currentTree ├── crypto-browserify@3.2.8
21 silly currentTree ├── css-color-names@0.0.4
21 silly currentTree ├── css-loader@0.23.1
21 silly currentTree ├── css-selector-tokenizer@0.5.4
21 silly currentTree ├── cssesc@0.1.0
21 silly currentTree ├── cssnano@3.7.7
21 silly currentTree ├── csso@2.2.1
21 silly currentTree ├── currently-unhandled@0.4.1
21 silly currentTree ├── custom-event@1.0.0
21 silly currentTree ├─┬ dashdash@1.14.0
21 silly currentTree │ └── assert-plus@1.0.0
21 silly currentTree ├── date-now@0.1.4
21 silly currentTree ├── dateformat@1.0.12
21 silly currentTree ├── debug@2.2.0
21 silly currentTree ├── decamelize@1.2.0
21 silly currentTree ├── deep-is@0.1.3
21 silly currentTree ├── defined@1.0.0
21 silly currentTree ├── delayed-stream@1.0.0
21 silly currentTree ├── depd@1.1.0
21 silly currentTree ├── destroy@1.0.4
21 silly currentTree ├── di@0.0.1
21 silly currentTree ├── dom-serialize@2.2.1
21 silly currentTree ├── domain-browser@1.1.7
21 silly currentTree ├── ecc-jsbn@0.1.1
21 silly currentTree ├── ee-first@1.1.1
21 silly currentTree ├── emojis-list@2.1.0
21 silly currentTree ├── encodeurl@1.0.1
21 silly currentTree ├── engine.io-client@1.7.0
21 silly currentTree ├─┬ engine.io-parser@1.3.0
21 silly currentTree │ ├── has-binary@0.1.6
21 silly currentTree │ └── isarray@0.0.1
21 silly currentTree ├── engine.io@1.7.0
21 silly currentTree ├─┬ enhanced-resolve@0.9.1
21 silly currentTree │ └── memory-fs@0.2.0
21 silly currentTree ├── ent@2.2.0
21 silly currentTree ├── errno@0.1.4
21 silly currentTree ├── error-ex@1.3.0
21 silly currentTree ├── es6-promise@4.0.5
21 silly currentTree ├── escape-html@1.0.3
21 silly currentTree ├── escape-string-regexp@1.0.5
21 silly currentTree ├─┬ escodegen@1.8.1
21 silly currentTree │ └── source-map@0.2.0
21 silly currentTree ├── esprima@2.7.3
21 silly currentTree ├── estraverse@1.9.3
21 silly currentTree ├── esutils@2.0.2
21 silly currentTree ├── etag@1.7.0
21 silly currentTree ├── eventemitter3@1.2.0
21 silly currentTree ├── events@1.1.1
21 silly currentTree ├── eventsource@0.1.6
21 silly currentTree ├─┬ expand-braces@0.1.2
21 silly currentTree │ ├── braces@0.1.5
21 silly currentTree │ ├── expand-range@0.1.1
21 silly currentTree │ ├── is-number@0.1.1
21 silly currentTree │ └── repeat-string@0.2.2
21 silly currentTree ├── expand-brackets@0.1.5
21 silly currentTree ├── expand-range@1.8.2
21 silly currentTree ├── express@4.14.0
21 silly currentTree ├── extend@3.0.0
21 silly currentTree ├── extglob@0.3.2
21 silly currentTree ├─┬ extract-zip@1.5.0
21 silly currentTree │ ├── debug@0.7.4
21 silly currentTree │ └── mkdirp@0.5.0
21 silly currentTree ├── extsprintf@1.0.2
21 silly currentTree ├── fast-levenshtein@2.0.5
21 silly currentTree ├── fastparse@1.1.1
21 silly currentTree ├── faye-websocket@0.10.0
21 silly currentTree ├── fd-slicer@1.0.1
21 silly currentTree ├── filename-regex@2.0.0
21 silly currentTree ├── fill-range@2.2.3
21 silly currentTree ├── finalhandler@0.5.0
21 silly currentTree ├── find-up@1.1.2
21 silly currentTree ├── flatten@1.0.2
21 silly currentTree ├── for-in@0.1.6
21 silly currentTree ├── for-own@0.1.4
21 silly currentTree ├── forever-agent@0.6.1
21 silly currentTree ├─┬ form-data@1.0.1
21 silly currentTree │ └── async@2.0.1
21 silly currentTree ├── forwarded@0.1.0
21 silly currentTree ├── fresh@0.3.0
21 silly currentTree ├── fs-extra@0.30.0
21 silly currentTree ├── fs.realpath@1.0.0
21 silly currentTree ├─┬ fsevents@1.0.14
21 silly currentTree │ ├── abbrev@1.0.9
21 silly currentTree │ ├── ansi-regex@2.0.0
21 silly currentTree │ ├── ansi-styles@2.2.1
21 silly currentTree │ ├── aproba@1.0.4
21 silly currentTree │ ├── are-we-there-yet@1.1.2
21 silly currentTree │ ├── asn1@0.2.3
21 silly currentTree │ ├── assert-plus@0.2.0
21 silly currentTree │ ├── async@1.5.2
21 silly currentTree │ ├── aws-sign2@0.6.0
21 silly currentTree │ ├── aws4@1.4.1
21 silly currentTree │ ├── balanced-match@0.4.2
21 silly currentTree │ ├─┬ bl@1.1.2
21 silly currentTree │ │ └── readable-stream@2.0.6
21 silly currentTree │ ├── block-stream@0.0.9
21 silly currentTree │ ├── boom@2.10.1
21 silly currentTree │ ├── brace-expansion@1.1.5
21 silly currentTree │ ├── buffer-shims@1.0.0
21 silly currentTree │ ├── caseless@0.11.0
21 silly currentTree │ ├── chalk@1.1.3
21 silly currentTree │ ├── code-point-at@1.0.0
21 silly currentTree │ ├── combined-stream@1.0.5
21 silly currentTree │ ├── commander@2.9.0
21 silly currentTree │ ├── concat-map@0.0.1
21 silly currentTree │ ├── console-control-strings@1.1.0
21 silly currentTree │ ├── core-util-is@1.0.2
21 silly currentTree │ ├── cryptiles@2.0.5
21 silly currentTree │ ├─┬ dashdash@1.14.0
21 silly currentTree │ │ └── assert-plus@1.0.0
21 silly currentTree │ ├── debug@2.2.0
21 silly currentTree │ ├── deep-extend@0.4.1
21 silly currentTree │ ├── delayed-stream@1.0.0
21 silly currentTree │ ├── delegates@1.0.0
21 silly currentTree │ ├── ecc-jsbn@0.1.1
21 silly currentTree │ ├── escape-string-regexp@1.0.5
21 silly currentTree │ ├── extend@3.0.0
21 silly currentTree │ ├── extsprintf@1.0.2
21 silly currentTree │ ├── forever-agent@0.6.1
21 silly currentTree │ ├── form-data@1.0.0-rc4
21 silly currentTree │ ├── fs.realpath@1.0.0
21 silly currentTree │ ├── fstream-ignore@1.0.5
21 silly currentTree │ ├── fstream@1.0.10
21 silly currentTree │ ├── gauge@2.6.0
21 silly currentTree │ ├── generate-function@2.0.0
21 silly currentTree │ ├── generate-object-property@1.2.0
21 silly currentTree │ ├─┬ getpass@0.1.6
21 silly currentTree │ │ └── assert-plus@1.0.0
21 silly currentTree │ ├── glob@7.0.5
21 silly currentTree │ ├── graceful-fs@4.1.4
21 silly currentTree │ ├── graceful-readlink@1.0.1
21 silly currentTree │ ├── har-validator@2.0.6
21 silly currentTree │ ├── has-ansi@2.0.0
21 silly currentTree │ ├── has-color@0.1.7
21 silly currentTree │ ├── has-unicode@2.0.1
21 silly currentTree │ ├── hawk@3.1.3
21 silly currentTree │ ├── hoek@2.16.3
21 silly currentTree │ ├── http-signature@1.1.1
21 silly currentTree │ ├── inflight@1.0.5
21 silly currentTree │ ├── inherits@2.0.1
21 silly currentTree │ ├── ini@1.3.4
21 silly currentTree │ ├── is-fullwidth-code-point@1.0.0
21 silly currentTree │ ├── is-my-json-valid@2.13.1
21 silly currentTree │ ├── is-property@1.0.2
21 silly currentTree │ ├── is-typedarray@1.0.0
21 silly currentTree │ ├── isarray@1.0.0
21 silly currentTree │ ├── isstream@0.1.2
21 silly currentTree │ ├── jodid25519@1.0.2
21 silly currentTree │ ├── jsbn@0.1.0
21 silly currentTree │ ├── json-schema@0.2.2
21 silly currentTree │ ├── json-stringify-safe@5.0.1
21 silly currentTree │ ├── jsonpointer@2.0.0
21 silly currentTree │ ├── jsprim@1.3.0
21 silly currentTree │ ├── mime-db@1.23.0
21 silly currentTree │ ├── mime-types@2.1.11
21 silly currentTree │ ├── minimatch@3.0.2
21 silly currentTree │ ├── minimist@0.0.8
21 silly currentTree │ ├── mkdirp@0.5.1
21 silly currentTree │ ├── ms@0.7.1
21 silly currentTree │ ├── node-pre-gyp@0.6.29
21 silly currentTree │ ├── node-uuid@1.4.7
21 silly currentTree │ ├── nopt@3.0.6
21 silly currentTree │ ├── npmlog@3.1.2
21 silly currentTree │ ├── number-is-nan@1.0.0
21 silly currentTree │ ├── oauth-sign@0.8.2
21 silly currentTree │ ├── object-assign@4.1.0
21 silly currentTree │ ├── once@1.3.3
21 silly currentTree │ ├── path-is-absolute@1.0.0
21 silly currentTree │ ├── pinkie-promise@2.0.1
21 silly currentTree │ ├── pinkie@2.0.4
21 silly currentTree │ ├── process-nextick-args@1.0.7
21 silly currentTree │ ├── qs@6.2.0
21 silly currentTree │ ├─┬ rc@1.1.6
21 silly currentTree │ │ └── minimist@1.2.0
21 silly currentTree │ ├── readable-stream@2.1.4
21 silly currentTree │ ├── request@2.73.0
21 silly currentTree │ ├── rimraf@2.5.3
21 silly currentTree │ ├── semver@5.2.0
21 silly currentTree │ ├── set-blocking@2.0.0
21 silly currentTree │ ├── signal-exit@3.0.0
21 silly currentTree │ ├── sntp@1.0.9
21 silly currentTree │ ├─┬ sshpk@1.8.3
21 silly currentTree │ │ └── assert-plus@1.0.0
21 silly currentTree │ ├── string_decoder@0.10.31
21 silly currentTree │ ├── string-width@1.0.1
21 silly currentTree │ ├── stringstream@0.0.5
21 silly currentTree │ ├── strip-ansi@3.0.1
21 silly currentTree │ ├── strip-json-comments@1.0.4
21 silly currentTree │ ├── supports-color@2.0.0
21 silly currentTree │ ├── tar-pack@3.1.4
21 silly currentTree │ ├── tar@2.2.1
21 silly currentTree │ ├── tough-cookie@2.2.2
21 silly currentTree │ ├── tunnel-agent@0.4.3
21 silly currentTree │ ├── tweetnacl@0.13.3
21 silly currentTree │ ├── uid-number@0.0.6
21 silly currentTree │ ├── util-deprecate@1.0.2
21 silly currentTree │ ├── verror@1.3.6
21 silly currentTree │ ├── wide-align@1.1.0
21 silly currentTree │ ├── wrappy@1.0.2
21 silly currentTree │ └── xtend@4.0.1
21 silly currentTree ├── function-bind@1.1.0
21 silly currentTree ├── generate-function@2.0.0
21 silly currentTree ├── generate-object-property@1.2.0
21 silly currentTree ├── get-stdin@4.0.1
21 silly currentTree ├─┬ getpass@0.1.6
21 silly currentTree │ └── assert-plus@1.0.0
21 silly currentTree ├── glob-base@0.3.0
21 silly currentTree ├── glob-parent@2.0.0
21 silly currentTree ├── glob@5.0.15
21 silly currentTree ├── graceful-fs@4.1.9
21 silly currentTree ├── graceful-readlink@1.0.1
21 silly currentTree ├─┬ handlebars@4.0.5
21 silly currentTree │ └── source-map@0.4.4
21 silly currentTree ├── har-validator@2.0.6
21 silly currentTree ├── has-ansi@2.0.0
21 silly currentTree ├─┬ has-binary@0.1.7
21 silly currentTree │ └── isarray@0.0.1
21 silly currentTree ├── has-cors@1.1.0
21 silly currentTree ├── has-flag@1.0.0
21 silly currentTree ├── has@1.0.1
21 silly currentTree ├── hasha@2.2.0
21 silly currentTree ├── hawk@3.1.3
21 silly currentTree ├── hoek@2.16.3
21 silly currentTree ├── hosted-git-info@2.1.5
21 silly currentTree ├── html-comment-regex@1.1.1
21 silly currentTree ├── http-browserify@1.7.0
21 silly currentTree ├─┬ http-errors@1.5.0
21 silly currentTree │ └── inherits@2.0.1
21 silly currentTree ├─┬ http-proxy-middleware@0.17.2
21 silly currentTree │ ├── is-extglob@2.0.0
21 silly currentTree │ └── is-glob@3.0.0
21 silly currentTree ├── http-proxy@1.15.1
21 silly currentTree ├── http-signature@1.1.1
21 silly currentTree ├── https-browserify@0.0.0
21 silly currentTree ├── iconv-lite@0.4.13
21 silly currentTree ├── icss-replace-symbols@1.0.2
21 silly currentTree ├── ieee754@1.1.8
21 silly currentTree ├── indent-string@2.1.0
21 silly currentTree ├── indexes-of@1.0.1
21 silly currentTree ├── indexof@0.0.1
21 silly currentTree ├── inflight@1.0.5
21 silly currentTree ├── inherits@2.0.3
21 silly currentTree ├── interpret@0.6.6
21 silly currentTree ├── ipaddr.js@1.1.1
21 silly currentTree ├── is-absolute-url@2.0.0
21 silly currentTree ├── is-arrayish@0.2.1
21 silly currentTree ├── is-binary-path@1.0.1
21 silly currentTree ├── is-buffer@1.1.4
21 silly currentTree ├── is-builtin-module@1.0.0
21 silly currentTree ├── is-dotfile@1.0.2
21 silly currentTree ├── is-equal-shallow@0.1.3
21 silly currentTree ├── is-extendable@0.1.1
21 silly currentTree ├── is-extglob@1.0.0
21 silly currentTree ├── is-finite@1.0.2
21 silly currentTree ├── is-glob@2.0.1
21 silly currentTree ├── is-my-json-valid@2.15.0
21 silly currentTree ├── is-number@2.1.0
21 silly currentTree ├── is-plain-obj@1.1.0
21 silly currentTree ├── is-posix-bracket@0.1.1
21 silly currentTree ├── is-primitive@2.0.0
21 silly currentTree ├── is-property@1.0.2
21 silly currentTree ├── is-stream@1.1.0
21 silly currentTree ├── is-svg@2.0.1
21 silly currentTree ├── is-typedarray@1.0.0
21 silly currentTree ├── is-utf8@0.2.1
21 silly currentTree ├── isarray@1.0.0
21 silly currentTree ├── isbinaryfile@3.0.1
21 silly currentTree ├── isexe@1.1.2
21 silly currentTree ├── isobject@2.1.0
21 silly currentTree ├── isstream@0.1.2
21 silly currentTree ├── istanbul-instrumenter-loader@0.2.0
21 silly currentTree ├── istanbul@0.4.5
21 silly currentTree ├── jasmine-core@2.5.2
21 silly currentTree ├── jodid25519@1.0.2
21 silly currentTree ├── jquery@2.1.0
21 silly currentTree ├── js-base64@2.1.9
21 silly currentTree ├── js-yaml@3.6.1
21 silly currentTree ├── jsbn@0.1.0
21 silly currentTree ├── jsesc@0.5.0
21 silly currentTree ├── json-schema@0.2.3
21 silly currentTree ├── json-stringify-safe@5.0.1
21 silly currentTree ├── json3@3.2.6
21 silly currentTree ├── json5@0.5.0
21 silly currentTree ├── jsonfile@2.4.0
21 silly currentTree ├── jsonpointer@4.0.0
21 silly currentTree ├── jsprim@1.3.1
21 silly currentTree ├── karma-angular@0.0.6
21 silly currentTree ├─┬ karma-coverage@1.1.1
21 silly currentTree │ └── lodash@3.10.1
21 silly currentTree ├── karma-jasmine@1.0.2
21 silly currentTree ├── karma-phantomjs-launcher@1.0.2
21 silly currentTree ├─┬ karma-webpack@1.8.0
21 silly currentTree │ ├── async@0.9.2
21 silly currentTree │ ├── lodash@3.10.1
21 silly currentTree │ └── source-map@0.1.43
21 silly currentTree ├─┬ karma@0.13.22
21 silly currentTree │ ├── glob@7.1.1
21 silly currentTree │ └── lodash@3.10.1
21 silly currentTree ├── kew@0.7.0
21 silly currentTree ├── kind-of@3.0.4
21 silly currentTree ├── klaw@1.3.0
21 silly currentTree ├── lazy-cache@1.0.4
21 silly currentTree ├── levn@0.3.0
21 silly currentTree ├── load-json-file@1.1.0
21 silly currentTree ├── loader-utils@0.2.16
21 silly currentTree ├── lodash._createcompounder@3.0.0
21 silly currentTree ├── lodash._root@3.0.1
21 silly currentTree ├── lodash.camelcase@3.0.1
21 silly currentTree ├── lodash.deburr@3.2.0
21 silly currentTree ├── lodash.indexof@4.0.5
21 silly currentTree ├── lodash.words@3.2.0
21 silly currentTree ├── lodash@4.16.4
21 silly currentTree ├─┬ log4js@0.6.38
21 silly currentTree │ ├── isarray@0.0.1
21 silly currentTree │ └── readable-stream@1.0.34
21 silly currentTree ├── longest@1.0.1
21 silly currentTree ├── loud-rejection@1.6.0
21 silly currentTree ├── lru-cache@2.2.4
21 silly currentTree ├── macaddress@0.2.8
21 silly currentTree ├── map-obj@1.0.1
21 silly currentTree ├── math-expression-evaluator@1.2.14
21 silly currentTree ├── media-typer@0.3.0
21 silly currentTree ├── memory-fs@0.3.0
21 silly currentTree ├─┬ meow@3.7.0
21 silly currentTree │ └── minimist@1.2.0
21 silly currentTree ├── merge-descriptors@1.0.1
21 silly currentTree ├── methods@1.1.2
21 silly currentTree ├── micromatch@2.3.11
21 silly currentTree ├── mime-db@1.24.0
21 silly currentTree ├── mime-types@2.1.12
21 silly currentTree ├── mime@1.3.4
21 silly currentTree ├── minimatch@3.0.3
21 silly currentTree ├── minimist@0.0.8
21 silly currentTree ├── mkdirp@0.5.1
21 silly currentTree ├── ms@0.7.1
21 silly currentTree ├── nan@2.4.0
21 silly currentTree ├── negotiator@0.6.1
21 silly currentTree ├─┬ node-libs-browser@0.6.0
21 silly currentTree │ ├── isarray@0.0.1
21 silly currentTree │ └── readable-stream@1.1.14
21 silly currentTree ├── node-uuid@1.4.7
21 silly currentTree ├── nopt@3.0.6
21 silly currentTree ├── normalize-package-data@2.3.5
21 silly currentTree ├── normalize-path@2.0.1
21 silly currentTree ├── normalize-range@0.1.2
21 silly currentTree ├── normalize-url@1.6.1
21 silly currentTree ├── num2fraction@1.2.2
21 silly currentTree ├── number-is-nan@1.0.1
21 silly currentTree ├── oauth-sign@0.8.2
21 silly currentTree ├── object-assign@4.1.0
21 silly currentTree ├── object-component@0.0.3
21 silly currentTree ├── object.omit@2.0.0
21 silly currentTree ├── on-finished@2.3.0
21 silly currentTree ├── on-headers@1.0.1
21 silly currentTree ├── once@1.4.0
21 silly currentTree ├── open@0.0.5
21 silly currentTree ├─┬ optimist@0.6.1
21 silly currentTree │ └── wordwrap@0.0.3
21 silly currentTree ├── optionator@0.8.2
21 silly currentTree ├── options@0.0.6
21 silly currentTree ├─┬ original@1.0.0
21 silly currentTree │ └── url-parse@1.0.5
21 silly currentTree ├── os-browserify@0.1.2
21 silly currentTree ├── pako@0.2.9
21 silly currentTree ├── parse-glob@3.0.4
21 silly currentTree ├── parse-json@2.2.0
21 silly currentTree ├── parsejson@0.0.1
21 silly currentTree ├── parseqs@0.0.2
21 silly currentTree ├── parseuri@0.0.4
21 silly currentTree ├── parseurl@1.3.1
21 silly currentTree ├── path-browserify@0.0.0
21 silly currentTree ├── path-exists@2.1.0
21 silly currentTree ├── path-is-absolute@1.0.1
21 silly currentTree ├── path-to-regexp@0.1.7
21 silly currentTree ├── path-type@1.1.0
21 silly currentTree ├── pbkdf2-compat@2.0.1
21 silly currentTree ├── pend@1.2.0
21 silly currentTree ├── phantomjs-prebuilt@2.1.13
21 silly currentTree ├── pify@2.3.0
21 silly currentTree ├── pinkie-promise@2.0.1
21 silly currentTree ├── pinkie@2.0.4
21 silly currentTree ├── postcss-calc@5.3.1
21 silly currentTree ├── postcss-colormin@2.2.1
21 silly currentTree ├── postcss-convert-values@2.4.1
21 silly currentTree ├── postcss-discard-comments@2.0.4
21 silly currentTree ├── postcss-discard-duplicates@2.0.1
21 silly currentTree ├── postcss-discard-empty@2.1.0
21 silly currentTree ├── postcss-discard-overridden@0.1.1
21 silly currentTree ├── postcss-discard-unused@2.2.1
21 silly currentTree ├── postcss-filter-plugins@2.0.2
21 silly currentTree ├── postcss-merge-idents@2.1.7
21 silly currentTree ├── postcss-merge-longhand@2.0.1
21 silly currentTree ├── postcss-merge-rules@2.0.10
21 silly currentTree ├── postcss-message-helpers@2.0.0
21 silly currentTree ├── postcss-minify-font-values@1.0.5
21 silly currentTree ├── postcss-minify-gradients@1.0.3
21 silly currentTree ├── postcss-minify-params@1.0.5
21 silly currentTree ├── postcss-minify-selectors@2.0.5
21 silly currentTree ├── postcss-modules-extract-imports@1.0.1
21 silly currentTree ├─┬ postcss-modules-local-by-default@1.1.1
21 silly currentTree │ └── css-selector-tokenizer@0.6.0
21 silly currentTree ├─┬ postcss-modules-scope@1.0.2
21 silly currentTree │ └── css-selector-tokenizer@0.6.0
21 silly currentTree ├── postcss-modules-values@1.2.2
21 silly currentTree ├── postcss-normalize-charset@1.1.0
21 silly currentTree ├── postcss-normalize-url@3.0.7
21 silly currentTree ├── postcss-ordered-values@2.2.2
21 silly currentTree ├── postcss-reduce-idents@2.3.0
21 silly currentTree ├── postcss-reduce-initial@1.0.0
21 silly currentTree ├── postcss-reduce-transforms@1.0.3
21 silly currentTree ├── postcss-selector-parser@2.2.1
21 silly currentTree ├── postcss-svgo@2.1.5
21 silly currentTree ├── postcss-unique-selectors@2.0.2
21 silly currentTree ├── postcss-value-parser@3.3.0
21 silly currentTree ├── postcss-zindex@2.1.1
21 silly currentTree ├── postcss@5.2.4
21 silly currentTree ├── prelude-ls@1.1.2
21 silly currentTree ├── prepend-http@1.0.4
21 silly currentTree ├── preserve@0.2.0
21 silly currentTree ├── process-nextick-args@1.0.7
21 silly currentTree ├── process@0.11.9
21 silly currentTree ├── progress@1.1.8
21 silly currentTree ├── proxy-addr@1.1.2
21 silly currentTree ├── prr@0.0.0
21 silly currentTree ├── punycode@1.4.1
21 silly currentTree ├── q@1.4.1
21 silly currentTree ├── qs@6.2.0
21 silly currentTree ├── query-string@4.2.3
21 silly currentTree ├── querystring-es3@0.2.1
21 silly currentTree ├── querystring@0.2.0
21 silly currentTree ├── querystringify@0.0.4
21 silly currentTree ├── randomatic@1.1.5
21 silly currentTree ├── range-parser@1.2.0
21 silly currentTree ├── raw-body@2.1.7
21 silly currentTree ├── read-pkg-up@1.0.1
21 silly currentTree ├── read-pkg@1.1.0
21 silly currentTree ├── readable-stream@2.1.5
21 silly currentTree ├── readdirp@2.1.0
21 silly currentTree ├── redent@1.0.0
21 silly currentTree ├── reduce-css-calc@1.3.0
21 silly currentTree ├─┬ reduce-function-call@1.0.1
21 silly currentTree │ └── balanced-match@0.1.0
21 silly currentTree ├── regenerate@1.3.1
21 silly currentTree ├── regex-cache@0.4.3
21 silly currentTree ├── regexpu-core@1.0.0
21 silly currentTree ├── regjsgen@0.2.0
21 silly currentTree ├── regjsparser@0.1.5
21 silly currentTree ├── repeat-element@1.1.2
21 silly currentTree ├── repeat-string@1.5.4
21 silly currentTree ├── repeating@2.0.1
21 silly currentTree ├── request-progress@2.0.1
21 silly currentTree ├── request@2.74.0
21 silly currentTree ├── requires-port@1.0.0
21 silly currentTree ├── resolve@1.1.7
21 silly currentTree ├── right-align@0.1.3
21 silly currentTree ├─┬ rimraf@2.5.4
21 silly currentTree │ └── glob@7.1.1
21 silly currentTree ├── ripemd160@0.2.0
21 silly currentTree ├── sax@1.2.1
21 silly currentTree ├── semver@4.3.6
21 silly currentTree ├── send@0.14.1
21 silly currentTree ├── serve-index@1.8.0
21 silly currentTree ├── serve-static@1.11.1
21 silly currentTree ├── set-immediate-shim@1.0.1
21 silly currentTree ├── setprototypeof@1.0.1
21 silly currentTree ├── sha.js@2.2.6
21 silly currentTree ├── signal-exit@3.0.1
21 silly currentTree ├── sntp@1.0.9
21 silly currentTree ├─┬ socket.io-adapter@0.4.0
21 silly currentTree │ ├── isarray@0.0.1
21 silly currentTree │ └─┬ socket.io-parser@2.2.2
21 silly currentTree │   └── debug@0.7.4
21 silly currentTree ├─┬ socket.io-client@1.5.0
21 silly currentTree │ └── component-emitter@1.2.0
21 silly currentTree ├─┬ socket.io-parser@2.2.6
21 silly currentTree │ ├── isarray@0.0.1
21 silly currentTree │ └── json3@3.3.2
21 silly currentTree ├── socket.io@1.5.0
21 silly currentTree ├─┬ sockjs-client@1.1.1
21 silly currentTree │ ├── faye-websocket@0.11.0
21 silly currentTree │ └── json3@3.3.2
21 silly currentTree ├── sockjs@0.3.18
21 silly currentTree ├── sort-keys@1.1.2
21 silly currentTree ├── source-list-map@0.1.6
21 silly currentTree ├── source-map@0.5.6
21 silly currentTree ├── spdx-correct@1.0.2
21 silly currentTree ├── spdx-expression-parse@1.0.4
21 silly currentTree ├── spdx-license-ids@1.2.2
21 silly currentTree ├── sprintf-js@1.0.3
21 silly currentTree ├─┬ sshpk@1.10.1
21 silly currentTree │ └── assert-plus@1.0.0
21 silly currentTree ├── statuses@1.3.0
21 silly currentTree ├─┬ stream-browserify@1.0.0
21 silly currentTree │ ├── isarray@0.0.1
21 silly currentTree │ └── readable-stream@1.1.14
21 silly currentTree ├── stream-cache@0.0.2
21 silly currentTree ├── strict-uri-encode@1.1.0
21 silly currentTree ├── string_decoder@0.10.31
21 silly currentTree ├── stringstream@0.0.5
21 silly currentTree ├── strip-ansi@3.0.1
21 silly currentTree ├── strip-bom@2.0.0
21 silly currentTree ├── strip-indent@1.0.1
21 silly currentTree ├── style-loader@0.13.1
21 silly currentTree ├── supports-color@3.1.2
21 silly currentTree ├── svgo@0.7.1
21 silly currentTree ├── tapable@0.1.10
21 silly currentTree ├── throttleit@1.0.0
21 silly currentTree ├── timers-browserify@1.4.2
21 silly currentTree ├── to-array@0.1.4
21 silly currentTree ├── tough-cookie@2.3.1
21 silly currentTree ├── trim-newlines@1.0.0
21 silly currentTree ├── tty-browserify@0.0.0
21 silly currentTree ├── tunnel-agent@0.4.3
21 silly currentTree ├── tweetnacl@0.14.3
21 silly currentTree ├── type-check@0.3.2
21 silly currentTree ├── type-is@1.6.13
21 silly currentTree ├── typedarray@0.0.6
21 silly currentTree ├─┬ uglify-js@2.7.3
21 silly currentTree │ └── async@0.2.10
21 silly currentTree ├── uglify-to-browserify@1.0.2
21 silly currentTree ├── ultron@1.0.2
21 silly currentTree ├── uniq@1.0.1
21 silly currentTree ├── uniqid@4.1.0
21 silly currentTree ├── uniqs@2.0.0
21 silly currentTree ├── unpipe@1.0.0
21 silly currentTree ├── url-parse@1.1.6
21 silly currentTree ├─┬ url@0.10.3
21 silly currentTree │ └── punycode@1.3.2
21 silly currentTree ├── useragent@2.1.9
21 silly currentTree ├── util-deprecate@1.0.2
21 silly currentTree ├─┬ util@0.10.3
21 silly currentTree │ └── inherits@2.0.1
21 silly currentTree ├── utils-merge@1.0.0
21 silly currentTree ├── uuid@2.0.3
21 silly currentTree ├── validate-npm-package-license@3.0.1
21 silly currentTree ├── vary@1.1.0
21 silly currentTree ├── vendors@1.0.1
21 silly currentTree ├── verror@1.3.6
21 silly currentTree ├── vm-browserify@0.0.4
21 silly currentTree ├── void-elements@2.0.1
21 silly currentTree ├─┬ watchpack@0.2.9
21 silly currentTree │ └── async@0.9.2
21 silly currentTree ├─┬ webpack-core@0.6.8
21 silly currentTree │ └── source-map@0.4.4
21 silly currentTree ├── webpack-dev-middleware@1.8.4
21 silly currentTree ├── webpack-dev-server@1.16.2
21 silly currentTree ├─┬ webpack@1.13.2
21 silly currentTree │ └─┬ uglify-js@2.6.4
21 silly currentTree │   └── async@0.2.10
21 silly currentTree ├── websocket-driver@0.6.5
21 silly currentTree ├── websocket-extensions@0.1.1
21 silly currentTree ├── whet.extend@0.9.9
21 silly currentTree ├── which@1.2.11
21 silly currentTree ├── window-size@0.1.0
21 silly currentTree ├── wordwrap@1.0.0
21 silly currentTree ├── wrappy@1.0.2
21 silly currentTree ├── ws@1.1.1
21 silly currentTree ├── wtf-8@1.0.0
21 silly currentTree ├── xmlhttprequest-ssl@1.5.1
21 silly currentTree ├── xtend@4.0.1
21 silly currentTree ├── yargs@3.10.0
21 silly currentTree ├── yauzl@2.4.1
21 silly currentTree └── yeast@0.1.2
22 silly idealTree angular_es5_webpack@1.0.0
22 silly idealTree ├── @angular/router@3.0.2
22 silly idealTree ├── abbrev@1.0.9
22 silly idealTree ├── accepts@1.3.3
22 silly idealTree ├── acorn@3.3.0
22 silly idealTree ├── after@0.8.1
22 silly idealTree ├── align-text@0.1.4
22 silly idealTree ├── alphanum-sort@1.0.2
22 silly idealTree ├── amdefine@1.0.0
22 silly idealTree ├── angular-mocks@1.5.8
22 silly idealTree ├── angular-ui-router@0.3.1
22 silly idealTree ├── angular@1.5.8
22 silly idealTree ├── ansi-regex@2.0.0
22 silly idealTree ├── ansi-styles@2.2.1
22 silly idealTree ├── anymatch@1.3.0
22 silly idealTree ├── argparse@1.0.9
22 silly idealTree ├── arr-diff@2.0.0
22 silly idealTree ├── arr-flatten@1.0.1
22 silly idealTree ├── array-find-index@1.0.2
22 silly idealTree ├── array-flatten@1.1.1
22 silly idealTree ├── array-slice@0.2.3
22 silly idealTree ├── array-unique@0.2.1
22 silly idealTree ├── arraybuffer.slice@0.0.6
22 silly idealTree ├── arrify@1.0.1
22 silly idealTree ├── asn1@0.2.3
22 silly idealTree ├── assert-plus@0.2.0
22 silly idealTree ├── assert@1.4.1
22 silly idealTree ├── async-each@1.0.1
22 silly idealTree ├── async@1.5.2
22 silly idealTree ├── autoprefixer@6.5.0
22 silly idealTree ├── aws-sign2@0.6.0
22 silly idealTree ├── aws4@1.5.0
22 silly idealTree ├── backo2@1.0.2
22 silly idealTree ├── balanced-match@0.4.2
22 silly idealTree ├── base64-arraybuffer@0.1.5
22 silly idealTree ├── base64-js@1.2.0
22 silly idealTree ├── Base64@0.2.1
22 silly idealTree ├── base64id@0.1.0
22 silly idealTree ├── batch@0.5.3
22 silly idealTree ├── bcrypt-pbkdf@1.0.0
22 silly idealTree ├── benchmark@1.0.0
22 silly idealTree ├── better-assert@1.0.2
22 silly idealTree ├── big.js@3.1.3
22 silly idealTree ├── binary-extensions@1.7.0
22 silly idealTree ├─┬ bl@1.1.2
22 silly idealTree │ └── readable-stream@2.0.6
22 silly idealTree ├── blob@0.0.4
22 silly idealTree ├── bluebird@2.11.0
22 silly idealTree ├── body-parser@1.15.2
22 silly idealTree ├── boom@2.10.1
22 silly idealTree ├── brace-expansion@1.1.6
22 silly idealTree ├── braces@1.8.5
22 silly idealTree ├── browserify-zlib@0.1.4
22 silly idealTree ├── browserslist@1.4.0
22 silly idealTree ├── buffer-shims@1.0.0
22 silly idealTree ├── buffer@4.9.1
22 silly idealTree ├── builtin-modules@1.1.1
22 silly idealTree ├── bytes@2.4.0
22 silly idealTree ├── callsite@1.0.0
22 silly idealTree ├─┬ camelcase-keys@2.1.0
22 silly idealTree │ └── camelcase@2.1.1
22 silly idealTree ├── camelcase@1.2.1
22 silly idealTree ├── caniuse-db@1.0.30000554
22 silly idealTree ├── caseless@0.11.0
22 silly idealTree ├── center-align@0.1.3
22 silly idealTree ├─┬ chalk@1.1.3
22 silly idealTree │ └── supports-color@2.0.0
22 silly idealTree ├── chokidar@1.6.0
22 silly idealTree ├── clap@1.1.1
22 silly idealTree ├─┬ cliui@2.1.0
22 silly idealTree │ └── wordwrap@0.0.2
22 silly idealTree ├── clone@1.0.2
22 silly idealTree ├── coa@1.0.1
22 silly idealTree ├── color-convert@1.5.0
22 silly idealTree ├── color-name@1.1.1
22 silly idealTree ├── color-string@0.3.0
22 silly idealTree ├── color@0.11.3
22 silly idealTree ├── colormin@1.1.2
22 silly idealTree ├── colors@1.1.2
22 silly idealTree ├── combined-stream@1.0.5
22 silly idealTree ├── commander@2.9.0
22 silly idealTree ├── component-bind@1.0.0
22 silly idealTree ├── component-emitter@1.1.2
22 silly idealTree ├── component-inherit@0.0.3
22 silly idealTree ├── compressible@2.0.8
22 silly idealTree ├─┬ compression@1.6.2
22 silly idealTree │ └── bytes@2.3.0
22 silly idealTree ├── concat-map@0.0.1
22 silly idealTree ├─┬ concat-stream@1.5.0
22 silly idealTree │ └── readable-stream@2.0.6
22 silly idealTree ├── connect-history-api-fallback@1.3.0
22 silly idealTree ├── connect@3.5.0
22 silly idealTree ├── console-browserify@1.1.0
22 silly idealTree ├── constants-browserify@0.0.1
22 silly idealTree ├── content-disposition@0.5.1
22 silly idealTree ├── content-type@1.0.2
22 silly idealTree ├── cookie-signature@1.0.6
22 silly idealTree ├── cookie@0.3.1
22 silly idealTree ├── core-js@2.4.1
22 silly idealTree ├── core-util-is@1.0.2
22 silly idealTree ├── cryptiles@2.0.5
22 silly idealTree ├── crypto-browserify@3.2.8
22 silly idealTree ├── css-color-names@0.0.4
22 silly idealTree ├── css-loader@0.23.1
22 silly idealTree ├── css-selector-tokenizer@0.5.4
22 silly idealTree ├── cssesc@0.1.0
22 silly idealTree ├── cssnano@3.7.7
22 silly idealTree ├── csso@2.2.1
22 silly idealTree ├── currently-unhandled@0.4.1
22 silly idealTree ├── custom-event@1.0.0
22 silly idealTree ├─┬ dashdash@1.14.0
22 silly idealTree │ └── assert-plus@1.0.0
22 silly idealTree ├── date-now@0.1.4
22 silly idealTree ├── dateformat@1.0.12
22 silly idealTree ├── debug@2.2.0
22 silly idealTree ├── decamelize@1.2.0
22 silly idealTree ├── deep-is@0.1.3
22 silly idealTree ├── defined@1.0.0
22 silly idealTree ├── delayed-stream@1.0.0
22 silly idealTree ├── depd@1.1.0
22 silly idealTree ├── destroy@1.0.4
22 silly idealTree ├── di@0.0.1
22 silly idealTree ├── dom-serialize@2.2.1
22 silly idealTree ├── domain-browser@1.1.7
22 silly idealTree ├── ecc-jsbn@0.1.1
22 silly idealTree ├── ee-first@1.1.1
22 silly idealTree ├── emojis-list@2.1.0
22 silly idealTree ├── encodeurl@1.0.1
22 silly idealTree ├── engine.io-client@1.7.0
22 silly idealTree ├─┬ engine.io-parser@1.3.0
22 silly idealTree │ ├── has-binary@0.1.6
22 silly idealTree │ └── isarray@0.0.1
22 silly idealTree ├── engine.io@1.7.0
22 silly idealTree ├─┬ enhanced-resolve@0.9.1
22 silly idealTree │ └── memory-fs@0.2.0
22 silly idealTree ├── ent@2.2.0
22 silly idealTree ├── errno@0.1.4
22 silly idealTree ├── error-ex@1.3.0
22 silly idealTree ├── es6-promise@4.0.5
22 silly idealTree ├── escape-html@1.0.3
22 silly idealTree ├── escape-string-regexp@1.0.5
22 silly idealTree ├─┬ escodegen@1.8.1
22 silly idealTree │ └── source-map@0.2.0
22 silly idealTree ├── esprima@2.7.3
22 silly idealTree ├── estraverse@1.9.3
22 silly idealTree ├── esutils@2.0.2
22 silly idealTree ├── etag@1.7.0
22 silly idealTree ├── eventemitter3@1.2.0
22 silly idealTree ├── events@1.1.1
22 silly idealTree ├── eventsource@0.1.6
22 silly idealTree ├─┬ expand-braces@0.1.2
22 silly idealTree │ ├── braces@0.1.5
22 silly idealTree │ ├── expand-range@0.1.1
22 silly idealTree │ ├── is-number@0.1.1
22 silly idealTree │ └── repeat-string@0.2.2
22 silly idealTree ├── expand-brackets@0.1.5
22 silly idealTree ├── expand-range@1.8.2
22 silly idealTree ├── express@4.14.0
22 silly idealTree ├── extend@3.0.0
22 silly idealTree ├── extglob@0.3.2
22 silly idealTree ├─┬ extract-zip@1.5.0
22 silly idealTree │ ├── debug@0.7.4
22 silly idealTree │ └── mkdirp@0.5.0
22 silly idealTree ├── extsprintf@1.0.2
22 silly idealTree ├── fast-levenshtein@2.0.5
22 silly idealTree ├── fastparse@1.1.1
22 silly idealTree ├── faye-websocket@0.10.0
22 silly idealTree ├── fd-slicer@1.0.1
22 silly idealTree ├── filename-regex@2.0.0
22 silly idealTree ├── fill-range@2.2.3
22 silly idealTree ├── finalhandler@0.5.0
22 silly idealTree ├── find-up@1.1.2
22 silly idealTree ├── flatten@1.0.2
22 silly idealTree ├── for-in@0.1.6
22 silly idealTree ├── for-own@0.1.4
22 silly idealTree ├── forever-agent@0.6.1
22 silly idealTree ├─┬ form-data@1.0.1
22 silly idealTree │ └── async@2.0.1
22 silly idealTree ├── forwarded@0.1.0
22 silly idealTree ├── fresh@0.3.0
22 silly idealTree ├── fs-extra@0.30.0
22 silly idealTree ├── fs.realpath@1.0.0
22 silly idealTree ├─┬ fsevents@1.0.14
22 silly idealTree │ ├── abbrev@1.0.9
22 silly idealTree │ ├── ansi-regex@2.0.0
22 silly idealTree │ ├── ansi-styles@2.2.1
22 silly idealTree │ ├── aproba@1.0.4
22 silly idealTree │ ├── are-we-there-yet@1.1.2
22 silly idealTree │ ├── asn1@0.2.3
22 silly idealTree │ ├── assert-plus@0.2.0
22 silly idealTree │ ├── async@1.5.2
22 silly idealTree │ ├── aws-sign2@0.6.0
22 silly idealTree │ ├── aws4@1.4.1
22 silly idealTree │ ├── balanced-match@0.4.2
22 silly idealTree │ ├─┬ bl@1.1.2
22 silly idealTree │ │ └── readable-stream@2.0.6
22 silly idealTree │ ├── block-stream@0.0.9
22 silly idealTree │ ├── boom@2.10.1
22 silly idealTree │ ├── brace-expansion@1.1.5
22 silly idealTree │ ├── buffer-shims@1.0.0
22 silly idealTree │ ├── caseless@0.11.0
22 silly idealTree │ ├── chalk@1.1.3
22 silly idealTree │ ├── code-point-at@1.0.0
22 silly idealTree │ ├── combined-stream@1.0.5
22 silly idealTree │ ├── commander@2.9.0
22 silly idealTree │ ├── concat-map@0.0.1
22 silly idealTree │ ├── console-control-strings@1.1.0
22 silly idealTree │ ├── core-util-is@1.0.2
22 silly idealTree │ ├── cryptiles@2.0.5
22 silly idealTree │ ├─┬ dashdash@1.14.0
22 silly idealTree │ │ └── assert-plus@1.0.0
22 silly idealTree │ ├── debug@2.2.0
22 silly idealTree │ ├── deep-extend@0.4.1
22 silly idealTree │ ├── delayed-stream@1.0.0
22 silly idealTree │ ├── delegates@1.0.0
22 silly idealTree │ ├── ecc-jsbn@0.1.1
22 silly idealTree │ ├── escape-string-regexp@1.0.5
22 silly idealTree │ ├── extend@3.0.0
22 silly idealTree │ ├── extsprintf@1.0.2
22 silly idealTree │ ├── forever-agent@0.6.1
22 silly idealTree │ ├── form-data@1.0.0-rc4
22 silly idealTree │ ├── fs.realpath@1.0.0
22 silly idealTree │ ├── fstream-ignore@1.0.5
22 silly idealTree │ ├── fstream@1.0.10
22 silly idealTree │ ├── gauge@2.6.0
22 silly idealTree │ ├── generate-function@2.0.0
22 silly idealTree │ ├── generate-object-property@1.2.0
22 silly idealTree │ ├─┬ getpass@0.1.6
22 silly idealTree │ │ └── assert-plus@1.0.0
22 silly idealTree │ ├── glob@7.0.5
22 silly idealTree │ ├── graceful-fs@4.1.4
22 silly idealTree │ ├── graceful-readlink@1.0.1
22 silly idealTree │ ├── har-validator@2.0.6
22 silly idealTree │ ├── has-ansi@2.0.0
22 silly idealTree │ ├── has-color@0.1.7
22 silly idealTree │ ├── has-unicode@2.0.1
22 silly idealTree │ ├── hawk@3.1.3
22 silly idealTree │ ├── hoek@2.16.3
22 silly idealTree │ ├── http-signature@1.1.1
22 silly idealTree │ ├── inflight@1.0.5
22 silly idealTree │ ├── inherits@2.0.1
22 silly idealTree │ ├── ini@1.3.4
22 silly idealTree │ ├── is-fullwidth-code-point@1.0.0
22 silly idealTree │ ├── is-my-json-valid@2.13.1
22 silly idealTree │ ├── is-property@1.0.2
22 silly idealTree │ ├── is-typedarray@1.0.0
22 silly idealTree │ ├── isarray@1.0.0
22 silly idealTree │ ├── isstream@0.1.2
22 silly idealTree │ ├── jodid25519@1.0.2
22 silly idealTree │ ├── jsbn@0.1.0
22 silly idealTree │ ├── json-schema@0.2.2
22 silly idealTree │ ├── json-stringify-safe@5.0.1
22 silly idealTree │ ├── jsonpointer@2.0.0
22 silly idealTree │ ├── jsprim@1.3.0
22 silly idealTree │ ├── mime-db@1.23.0
22 silly idealTree │ ├── mime-types@2.1.11
22 silly idealTree │ ├── minimatch@3.0.2
22 silly idealTree │ ├── minimist@0.0.8
22 silly idealTree │ ├── mkdirp@0.5.1
22 silly idealTree │ ├── ms@0.7.1
22 silly idealTree │ ├── node-pre-gyp@0.6.29
22 silly idealTree │ ├── node-uuid@1.4.7
22 silly idealTree │ ├── nopt@3.0.6
22 silly idealTree │ ├── npmlog@3.1.2
22 silly idealTree │ ├── number-is-nan@1.0.0
22 silly idealTree │ ├── oauth-sign@0.8.2
22 silly idealTree │ ├── object-assign@4.1.0
22 silly idealTree │ ├── once@1.3.3
22 silly idealTree │ ├── path-is-absolute@1.0.0
22 silly idealTree │ ├── pinkie-promise@2.0.1
22 silly idealTree │ ├── pinkie@2.0.4
22 silly idealTree │ ├── process-nextick-args@1.0.7
22 silly idealTree │ ├── qs@6.2.0
22 silly idealTree │ ├─┬ rc@1.1.6
22 silly idealTree │ │ └── minimist@1.2.0
22 silly idealTree │ ├── readable-stream@2.1.4
22 silly idealTree │ ├── request@2.73.0
22 silly idealTree │ ├── rimraf@2.5.3
22 silly idealTree │ ├── semver@5.2.0
22 silly idealTree │ ├── set-blocking@2.0.0
22 silly idealTree │ ├── signal-exit@3.0.0
22 silly idealTree │ ├── sntp@1.0.9
22 silly idealTree │ ├─┬ sshpk@1.8.3
22 silly idealTree │ │ └── assert-plus@1.0.0
22 silly idealTree │ ├── string_decoder@0.10.31
22 silly idealTree │ ├── string-width@1.0.1
22 silly idealTree │ ├── stringstream@0.0.5
22 silly idealTree │ ├── strip-ansi@3.0.1
22 silly idealTree │ ├── strip-json-comments@1.0.4
22 silly idealTree │ ├── supports-color@2.0.0
22 silly idealTree │ ├── tar-pack@3.1.4
22 silly idealTree │ ├── tar@2.2.1
22 silly idealTree │ ├── tough-cookie@2.2.2
22 silly idealTree │ ├── tunnel-agent@0.4.3
22 silly idealTree │ ├── tweetnacl@0.13.3
22 silly idealTree │ ├── uid-number@0.0.6
22 silly idealTree │ ├── util-deprecate@1.0.2
22 silly idealTree │ ├── verror@1.3.6
22 silly idealTree │ ├── wide-align@1.1.0
22 silly idealTree │ ├── wrappy@1.0.2
22 silly idealTree │ └── xtend@4.0.1
22 silly idealTree ├── function-bind@1.1.0
22 silly idealTree ├── generate-function@2.0.0
22 silly idealTree ├── generate-object-property@1.2.0
22 silly idealTree ├── get-stdin@4.0.1
22 silly idealTree ├─┬ getpass@0.1.6
22 silly idealTree │ └── assert-plus@1.0.0
22 silly idealTree ├── glob-base@0.3.0
22 silly idealTree ├── glob-parent@2.0.0
22 silly idealTree ├── glob@5.0.15
22 silly idealTree ├── graceful-fs@4.1.9
22 silly idealTree ├── graceful-readlink@1.0.1
22 silly idealTree ├─┬ handlebars@4.0.5
22 silly idealTree │ └── source-map@0.4.4
22 silly idealTree ├── har-validator@2.0.6
22 silly idealTree ├── has-ansi@2.0.0
22 silly idealTree ├─┬ has-binary@0.1.7
22 silly idealTree │ └── isarray@0.0.1
22 silly idealTree ├── has-cors@1.1.0
22 silly idealTree ├── has-flag@1.0.0
22 silly idealTree ├── has@1.0.1
22 silly idealTree ├── hasha@2.2.0
22 silly idealTree ├── hawk@3.1.3
22 silly idealTree ├── hoek@2.16.3
22 silly idealTree ├── hosted-git-info@2.1.5
22 silly idealTree ├── html-comment-regex@1.1.1
22 silly idealTree ├── http-browserify@1.7.0
22 silly idealTree ├─┬ http-errors@1.5.0
22 silly idealTree │ └── inherits@2.0.1
22 silly idealTree ├─┬ http-proxy-middleware@0.17.2
22 silly idealTree │ ├── is-extglob@2.0.0
22 silly idealTree │ └── is-glob@3.0.0
22 silly idealTree ├── http-proxy@1.15.1
22 silly idealTree ├── http-signature@1.1.1
22 silly idealTree ├── https-browserify@0.0.0
22 silly idealTree ├── iconv-lite@0.4.13
22 silly idealTree ├── icss-replace-symbols@1.0.2
22 silly idealTree ├── ieee754@1.1.8
22 silly idealTree ├── indent-string@2.1.0
22 silly idealTree ├── indexes-of@1.0.1
22 silly idealTree ├── indexof@0.0.1
22 silly idealTree ├── inflight@1.0.5
22 silly idealTree ├── inherits@2.0.3
22 silly idealTree ├── interpret@0.6.6
22 silly idealTree ├── ipaddr.js@1.1.1
22 silly idealTree ├── is-absolute-url@2.0.0
22 silly idealTree ├── is-arrayish@0.2.1
22 silly idealTree ├── is-binary-path@1.0.1
22 silly idealTree ├── is-buffer@1.1.4
22 silly idealTree ├── is-builtin-module@1.0.0
22 silly idealTree ├── is-dotfile@1.0.2
22 silly idealTree ├── is-equal-shallow@0.1.3
22 silly idealTree ├── is-extendable@0.1.1
22 silly idealTree ├── is-extglob@1.0.0
22 silly idealTree ├── is-finite@1.0.2
22 silly idealTree ├── is-glob@2.0.1
22 silly idealTree ├── is-my-json-valid@2.15.0
22 silly idealTree ├── is-number@2.1.0
22 silly idealTree ├── is-plain-obj@1.1.0
22 silly idealTree ├── is-posix-bracket@0.1.1
22 silly idealTree ├── is-primitive@2.0.0
22 silly idealTree ├── is-property@1.0.2
22 silly idealTree ├── is-stream@1.1.0
22 silly idealTree ├── is-svg@2.0.1
22 silly idealTree ├── is-typedarray@1.0.0
22 silly idealTree ├── is-utf8@0.2.1
22 silly idealTree ├── isarray@1.0.0
22 silly idealTree ├── isbinaryfile@3.0.1
22 silly idealTree ├── isexe@1.1.2
22 silly idealTree ├── isobject@2.1.0
22 silly idealTree ├── isstream@0.1.2
22 silly idealTree ├── istanbul-instrumenter-loader@0.2.0
22 silly idealTree ├── istanbul@0.4.5
22 silly idealTree ├── jasmine-core@2.5.2
22 silly idealTree ├── jodid25519@1.0.2
22 silly idealTree ├── jquery@2.1.0
22 silly idealTree ├── js-base64@2.1.9
22 silly idealTree ├── js-yaml@3.6.1
22 silly idealTree ├── jsbn@0.1.0
22 silly idealTree ├── jsesc@0.5.0
22 silly idealTree ├── json-schema@0.2.3
22 silly idealTree ├── json-stringify-safe@5.0.1
22 silly idealTree ├── json3@3.2.6
22 silly idealTree ├── json5@0.5.0
22 silly idealTree ├── jsonfile@2.4.0
22 silly idealTree ├── jsonpointer@4.0.0
22 silly idealTree ├── jsprim@1.3.1
22 silly idealTree ├── karma-angular@0.0.6
22 silly idealTree ├─┬ karma-coverage@1.1.1
22 silly idealTree │ └── lodash@3.10.1
22 silly idealTree ├── karma-jasmine@1.0.2
22 silly idealTree ├── karma-phantomjs-launcher@1.0.2
22 silly idealTree ├─┬ karma-webpack@1.8.0
22 silly idealTree │ ├── async@0.9.2
22 silly idealTree │ ├── lodash@3.10.1
22 silly idealTree │ └── source-map@0.1.43
22 silly idealTree ├─┬ karma@0.13.22
22 silly idealTree │ ├── glob@7.1.1
22 silly idealTree │ └── lodash@3.10.1
22 silly idealTree ├── kew@0.7.0
22 silly idealTree ├── kind-of@3.0.4
22 silly idealTree ├── klaw@1.3.0
22 silly idealTree ├── lazy-cache@1.0.4
22 silly idealTree ├── levn@0.3.0
22 silly idealTree ├── load-json-file@1.1.0
22 silly idealTree ├── loader-utils@0.2.16
22 silly idealTree ├── lodash._createcompounder@3.0.0
22 silly idealTree ├── lodash._root@3.0.1
22 silly idealTree ├── lodash.camelcase@3.0.1
22 silly idealTree ├── lodash.deburr@3.2.0
22 silly idealTree ├── lodash.indexof@4.0.5
22 silly idealTree ├── lodash.words@3.2.0
22 silly idealTree ├── lodash@4.16.4
22 silly idealTree ├─┬ log4js@0.6.38
22 silly idealTree │ ├── isarray@0.0.1
22 silly idealTree │ └── readable-stream@1.0.34
22 silly idealTree ├── longest@1.0.1
22 silly idealTree ├── loud-rejection@1.6.0
22 silly idealTree ├── lru-cache@2.2.4
22 silly idealTree ├── macaddress@0.2.8
22 silly idealTree ├── map-obj@1.0.1
22 silly idealTree ├── math-expression-evaluator@1.2.14
22 silly idealTree ├── media-typer@0.3.0
22 silly idealTree ├── memory-fs@0.3.0
22 silly idealTree ├─┬ meow@3.7.0
22 silly idealTree │ └── minimist@1.2.0
22 silly idealTree ├── merge-descriptors@1.0.1
22 silly idealTree ├── methods@1.1.2
22 silly idealTree ├── micromatch@2.3.11
22 silly idealTree ├── mime-db@1.24.0
22 silly idealTree ├── mime-types@2.1.12
22 silly idealTree ├── mime@1.3.4
22 silly idealTree ├── minimatch@3.0.3
22 silly idealTree ├── minimist@0.0.8
22 silly idealTree ├── mkdirp@0.5.1
22 silly idealTree ├── ms@0.7.1
22 silly idealTree ├── nan@2.4.0
22 silly idealTree ├── negotiator@0.6.1
22 silly idealTree ├─┬ node-libs-browser@0.6.0
22 silly idealTree │ ├── isarray@0.0.1
22 silly idealTree │ └── readable-stream@1.1.14
22 silly idealTree ├── node-uuid@1.4.7
22 silly idealTree ├── nopt@3.0.6
22 silly idealTree ├── normalize-package-data@2.3.5
22 silly idealTree ├── normalize-path@2.0.1
22 silly idealTree ├── normalize-range@0.1.2
22 silly idealTree ├── normalize-url@1.6.1
22 silly idealTree ├── num2fraction@1.2.2
22 silly idealTree ├── number-is-nan@1.0.1
22 silly idealTree ├── oauth-sign@0.8.2
22 silly idealTree ├── object-assign@4.1.0
22 silly idealTree ├── object-component@0.0.3
22 silly idealTree ├── object.omit@2.0.0
22 silly idealTree ├── on-finished@2.3.0
22 silly idealTree ├── on-headers@1.0.1
22 silly idealTree ├── once@1.4.0
22 silly idealTree ├── open@0.0.5
22 silly idealTree ├─┬ optimist@0.6.1
22 silly idealTree │ └── wordwrap@0.0.3
22 silly idealTree ├── optionator@0.8.2
22 silly idealTree ├── options@0.0.6
22 silly idealTree ├─┬ original@1.0.0
22 silly idealTree │ └── url-parse@1.0.5
22 silly idealTree ├── os-browserify@0.1.2
22 silly idealTree ├── pako@0.2.9
22 silly idealTree ├── parse-glob@3.0.4
22 silly idealTree ├── parse-json@2.2.0
22 silly idealTree ├── parsejson@0.0.1
22 silly idealTree ├── parseqs@0.0.2
22 silly idealTree ├── parseuri@0.0.4
22 silly idealTree ├── parseurl@1.3.1
22 silly idealTree ├── path-browserify@0.0.0
22 silly idealTree ├── path-exists@2.1.0
22 silly idealTree ├── path-is-absolute@1.0.1
22 silly idealTree ├── path-to-regexp@0.1.7
22 silly idealTree ├── path-type@1.1.0
22 silly idealTree ├── pbkdf2-compat@2.0.1
22 silly idealTree ├── pend@1.2.0
22 silly idealTree ├── phantomjs-prebuilt@2.1.13
22 silly idealTree ├── pify@2.3.0
22 silly idealTree ├── pinkie-promise@2.0.1
22 silly idealTree ├── pinkie@2.0.4
22 silly idealTree ├── postcss-calc@5.3.1
22 silly idealTree ├── postcss-colormin@2.2.1
22 silly idealTree ├── postcss-convert-values@2.4.1
22 silly idealTree ├── postcss-discard-comments@2.0.4
22 silly idealTree ├── postcss-discard-duplicates@2.0.1
22 silly idealTree ├── postcss-discard-empty@2.1.0
22 silly idealTree ├── postcss-discard-overridden@0.1.1
22 silly idealTree ├── postcss-discard-unused@2.2.1
22 silly idealTree ├── postcss-filter-plugins@2.0.2
22 silly idealTree ├── postcss-merge-idents@2.1.7
22 silly idealTree ├── postcss-merge-longhand@2.0.1
22 silly idealTree ├── postcss-merge-rules@2.0.10
22 silly idealTree ├── postcss-message-helpers@2.0.0
22 silly idealTree ├── postcss-minify-font-values@1.0.5
22 silly idealTree ├── postcss-minify-gradients@1.0.3
22 silly idealTree ├── postcss-minify-params@1.0.5
22 silly idealTree ├── postcss-minify-selectors@2.0.5
22 silly idealTree ├── postcss-modules-extract-imports@1.0.1
22 silly idealTree ├─┬ postcss-modules-local-by-default@1.1.1
22 silly idealTree │ └── css-selector-tokenizer@0.6.0
22 silly idealTree ├─┬ postcss-modules-scope@1.0.2
22 silly idealTree │ └── css-selector-tokenizer@0.6.0
22 silly idealTree ├── postcss-modules-values@1.2.2
22 silly idealTree ├── postcss-normalize-charset@1.1.0
22 silly idealTree ├── postcss-normalize-url@3.0.7
22 silly idealTree ├── postcss-ordered-values@2.2.2
22 silly idealTree ├── postcss-reduce-idents@2.3.0
22 silly idealTree ├── postcss-reduce-initial@1.0.0
22 silly idealTree ├── postcss-reduce-transforms@1.0.3
22 silly idealTree ├── postcss-selector-parser@2.2.1
22 silly idealTree ├── postcss-svgo@2.1.5
22 silly idealTree ├── postcss-unique-selectors@2.0.2
22 silly idealTree ├── postcss-value-parser@3.3.0
22 silly idealTree ├── postcss-zindex@2.1.1
22 silly idealTree ├── postcss@5.2.4
22 silly idealTree ├── prelude-ls@1.1.2
22 silly idealTree ├── prepend-http@1.0.4
22 silly idealTree ├── preserve@0.2.0
22 silly idealTree ├── process-nextick-args@1.0.7
22 silly idealTree ├── process@0.11.9
22 silly idealTree ├── progress@1.1.8
22 silly idealTree ├── proxy-addr@1.1.2
22 silly idealTree ├── prr@0.0.0
22 silly idealTree ├── punycode@1.4.1
22 silly idealTree ├── q@1.4.1
22 silly idealTree ├── qs@6.2.0
22 silly idealTree ├── query-string@4.2.3
22 silly idealTree ├── querystring-es3@0.2.1
22 silly idealTree ├── querystring@0.2.0
22 silly idealTree ├── querystringify@0.0.4
22 silly idealTree ├── randomatic@1.1.5
22 silly idealTree ├── range-parser@1.2.0
22 silly idealTree ├── raw-body@2.1.7
22 silly idealTree ├── read-pkg-up@1.0.1
22 silly idealTree ├── read-pkg@1.1.0
22 silly idealTree ├── readable-stream@2.1.5
22 silly idealTree ├── readdirp@2.1.0
22 silly idealTree ├── redent@1.0.0
22 silly idealTree ├── reduce-css-calc@1.3.0
22 silly idealTree ├─┬ reduce-function-call@1.0.1
22 silly idealTree │ └── balanced-match@0.1.0
22 silly idealTree ├── regenerate@1.3.1
22 silly idealTree ├── regex-cache@0.4.3
22 silly idealTree ├── regexpu-core@1.0.0
22 silly idealTree ├── regjsgen@0.2.0
22 silly idealTree ├── regjsparser@0.1.5
22 silly idealTree ├── repeat-element@1.1.2
22 silly idealTree ├── repeat-string@1.5.4
22 silly idealTree ├── repeating@2.0.1
22 silly idealTree ├── request-progress@2.0.1
22 silly idealTree ├── request@2.74.0
22 silly idealTree ├── requires-port@1.0.0
22 silly idealTree ├── resolve@1.1.7
22 silly idealTree ├── right-align@0.1.3
22 silly idealTree ├─┬ rimraf@2.5.4
22 silly idealTree │ └── glob@7.1.1
22 silly idealTree ├── ripemd160@0.2.0
22 silly idealTree ├── sax@1.2.1
22 silly idealTree ├── semver@4.3.6
22 silly idealTree ├── send@0.14.1
22 silly idealTree ├── serve-index@1.8.0
22 silly idealTree ├── serve-static@1.11.1
22 silly idealTree ├── set-immediate-shim@1.0.1
22 silly idealTree ├── setprototypeof@1.0.1
22 silly idealTree ├── sha.js@2.2.6
22 silly idealTree ├── signal-exit@3.0.1
22 silly idealTree ├── sntp@1.0.9
22 silly idealTree ├─┬ socket.io-adapter@0.4.0
22 silly idealTree │ ├── isarray@0.0.1
22 silly idealTree │ └─┬ socket.io-parser@2.2.2
22 silly idealTree │   └── debug@0.7.4
22 silly idealTree ├─┬ socket.io-client@1.5.0
22 silly idealTree │ └── component-emitter@1.2.0
22 silly idealTree ├─┬ socket.io-parser@2.2.6
22 silly idealTree │ ├── isarray@0.0.1
22 silly idealTree │ └── json3@3.3.2
22 silly idealTree ├── socket.io@1.5.0
22 silly idealTree ├─┬ sockjs-client@1.1.1
22 silly idealTree │ ├── faye-websocket@0.11.0
22 silly idealTree │ └── json3@3.3.2
22 silly idealTree ├── sockjs@0.3.18
22 silly idealTree ├── sort-keys@1.1.2
22 silly idealTree ├── source-list-map@0.1.6
22 silly idealTree ├── source-map@0.5.6
22 silly idealTree ├── spdx-correct@1.0.2
22 silly idealTree ├── spdx-expression-parse@1.0.4
22 silly idealTree ├── spdx-license-ids@1.2.2
22 silly idealTree ├── sprintf-js@1.0.3
22 silly idealTree ├─┬ sshpk@1.10.1
22 silly idealTree │ └── assert-plus@1.0.0
22 silly idealTree ├── statuses@1.3.0
22 silly idealTree ├─┬ stream-browserify@1.0.0
22 silly idealTree │ ├── isarray@0.0.1
22 silly idealTree │ └── readable-stream@1.1.14
22 silly idealTree ├── stream-cache@0.0.2
22 silly idealTree ├── strict-uri-encode@1.1.0
22 silly idealTree ├── string_decoder@0.10.31
22 silly idealTree ├── stringstream@0.0.5
22 silly idealTree ├── strip-ansi@3.0.1
22 silly idealTree ├── strip-bom@2.0.0
22 silly idealTree ├── strip-indent@1.0.1
22 silly idealTree ├── style-loader@0.13.1
22 silly idealTree ├── supports-color@3.1.2
22 silly idealTree ├── svgo@0.7.1
22 silly idealTree ├── tapable@0.1.10
22 silly idealTree ├── throttleit@1.0.0
22 silly idealTree ├── timers-browserify@1.4.2
22 silly idealTree ├── to-array@0.1.4
22 silly idealTree ├── tough-cookie@2.3.1
22 silly idealTree ├── trim-newlines@1.0.0
22 silly idealTree ├── tty-browserify@0.0.0
22 silly idealTree ├── tunnel-agent@0.4.3
22 silly idealTree ├── tweetnacl@0.14.3
22 silly idealTree ├── type-check@0.3.2
22 silly idealTree ├── type-is@1.6.13
22 silly idealTree ├── typedarray@0.0.6
22 silly idealTree ├─┬ uglify-js@2.7.3
22 silly idealTree │ └── async@0.2.10
22 silly idealTree ├── uglify-to-browserify@1.0.2
22 silly idealTree ├── ultron@1.0.2
22 silly idealTree ├── uniq@1.0.1
22 silly idealTree ├── uniqid@4.1.0
22 silly idealTree ├── uniqs@2.0.0
22 silly idealTree ├── unpipe@1.0.0
22 silly idealTree ├── url-parse@1.1.6
22 silly idealTree ├─┬ url@0.10.3
22 silly idealTree │ └── punycode@1.3.2
22 silly idealTree ├── useragent@2.1.9
22 silly idealTree ├── util-deprecate@1.0.2
22 silly idealTree ├─┬ util@0.10.3
22 silly idealTree │ └── inherits@2.0.1
22 silly idealTree ├── utils-merge@1.0.0
22 silly idealTree ├── uuid@2.0.3
22 silly idealTree ├── validate-npm-package-license@3.0.1
22 silly idealTree ├── vary@1.1.0
22 silly idealTree ├── vendors@1.0.1
22 silly idealTree ├── verror@1.3.6
22 silly idealTree ├── vm-browserify@0.0.4
22 silly idealTree ├── void-elements@2.0.1
22 silly idealTree ├─┬ watchpack@0.2.9
22 silly idealTree │ └── async@0.9.2
22 silly idealTree ├─┬ webpack-core@0.6.8
22 silly idealTree │ └── source-map@0.4.4
22 silly idealTree ├── webpack-dev-middleware@1.8.4
22 silly idealTree ├── webpack-dev-server@1.16.2
22 silly idealTree ├─┬ webpack@1.13.2
22 silly idealTree │ └─┬ uglify-js@2.6.4
22 silly idealTree │   └── async@0.2.10
22 silly idealTree ├── websocket-driver@0.6.5
22 silly idealTree ├── websocket-extensions@0.1.1
22 silly idealTree ├── whet.extend@0.9.9
22 silly idealTree ├── which@1.2.11
22 silly idealTree ├── window-size@0.1.0
22 silly idealTree ├── wordwrap@1.0.0
22 silly idealTree ├── wrappy@1.0.2
22 silly idealTree ├── ws@1.1.1
22 silly idealTree ├── wtf-8@1.0.0
22 silly idealTree ├── xmlhttprequest-ssl@1.5.1
22 silly idealTree ├── xtend@4.0.1
22 silly idealTree ├── yargs@3.10.0
22 silly idealTree ├── yauzl@2.4.1
22 silly idealTree └── yeast@0.1.2
23 silly generateActionsToTake Starting
24 silly install generateActionsToTake
25 silly generateActionsToTake Finishing
26 silly diffTrees action count 0
27 silly decomposeActions action count 0
28 silly executeActions Starting
29 silly install executeActions
30 silly doSerial global-install 0
31 silly doParallel fetch 0
32 verbose correctMkdir /Users/Genya/.npm/_locks correctMkdir not in flight; initializing
33 verbose lock using /Users/Genya/.npm/_locks/staging-194b11ae9c951850.lock for /Users/Genya/Work/Projects/Angular/MAIN/node_modules/.staging
34 verbose unlock done using /Users/Genya/.npm/_locks/staging-194b11ae9c951850.lock for /Users/Genya/Work/Projects/Angular/MAIN/node_modules/.staging
35 silly rollbackFailedOptional Starting
36 silly rollbackFailedOptional Finishing
37 silly runTopLevelLifecycles Starting
38 silly runTopLevelLifecycles Finishing
39 silly install printInstalled
40 warn @angular/router@3.0.2 requires a peer of @angular/core@2.0.2 but none was installed.
41 warn @angular/router@3.0.2 requires a peer of @angular/common@2.0.2 but none was installed.
42 warn @angular/router@3.0.2 requires a peer of @angular/platform-browser@2.0.2 but none was installed.
43 warn @angular/router@3.0.2 requires a peer of rxjs@5.0.0-beta.12 but none was installed.
44 warn angular_es5_webpack@1.0.0 No repository field.
45 verbose stack Error: EACCES: permission denied, mkdir '/Users/Genya/Work/Projects/Angular/MAIN/node_modules/.staging'
45 verbose stack     at Error (native)
46 verbose cwd /Users/Genya/Work/Projects/Angular/MAIN
47 error Darwin 15.4.0
48 error argv "/usr/local/bin/node" "/usr/local/bin/npm" "uninstall" "bower"
49 error node v4.4.0
50 error npm  v3.10.3
51 error path /Users/Genya/Work/Projects/Angular/MAIN/node_modules/.staging
52 error code EACCES
53 error errno -13
54 error syscall mkdir
55 error Error: EACCES: permission denied, mkdir '/Users/Genya/Work/Projects/Angular/MAIN/node_modules/.staging'
55 error     at Error (native)
55 error  { [Error: EACCES: permission denied, mkdir '/Users/Genya/Work/Projects/Angular/MAIN/node_modules/.staging']
55 error   errno: -13,
55 error   code: 'EACCES',
55 error   syscall: 'mkdir',
55 error   path: '/Users/Genya/Work/Projects/Angular/MAIN/node_modules/.staging' }
56 error Please try running this command again as root/Administrator.
57 verbose exit [ -13, true ]
